#
# There is insufficient memory for the Java Runtime Environment to continue.
# Native memory allocation (malloc) failed to allocate 1067056 bytes for Chunk::new
# Possible reasons:
#   The system is out of physical RAM or swap space
#   The process is running with CompressedOops enabled, and the Java Heap may be blocking the growth of the native heap
# Possible solutions:
#   Reduce memory load on the system
#   Increase physical memory or swap space
#   Check if swap backing store is full
#   Decrease Java heap size (-Xmx/-Xms)
#   Decrease number of Java threads
#   Decrease Java thread stack sizes (-Xss)
#   Set larger code cache with -XX:ReservedCodeCacheSize=
#   JVM is running with Unscaled Compressed Oops mode in which the Java heap is
#     placed in the first 4GB address space. The Java Heap base address is the
#     maximum limit for the native heap growth. Please use -XX:HeapBaseMinAddress
#     to set the Java Heap base and to place the Java Heap above 4GB virtual address.
# This output file may be truncated or incomplete.
#
#  Out of Memory Error (allocation.cpp:389), pid=14004, tid=0x00000000000034c4
#
# JRE version: Java(TM) SE Runtime Environment (8.0_211-b12) (build 1.8.0_211-b12)
# Java VM: Java HotSpot(TM) 64-Bit Server VM (25.211-b12 mixed mode windows-amd64 compressed oops)
# Failed to write core dump. Minidumps are not enabled by default on client versions of Windows
#

---------------  T H R E A D  ---------------

Current thread (0x00000000139f5000):  JavaThread "C2 CompilerThread0" daemon [_thread_in_native, id=13508, stack(0x0000000015080000,0x0000000015180000)]

Stack: [0x0000000015080000,0x0000000015180000]
[error occurred during error reporting (printing stack bounds), id 0xc0000005]

Native frames: (J=compiled Java code, j=interpreted, Vv=VM code, C=native code)


Current CompileTask:
C2:1261967 28218       4       org.gradle.api.internal.artifacts.ivyservice.moduleconverter.DefaultLocalComponentMetadataBuilder::addConfiguration (100 bytes)


---------------  P R O C E S S  ---------------

Java Threads: ( => current thread )
  0x000000001b6df800 JavaThread "Cache worker for file content cache (C:\Users\teste\Downloads\ESTUDO\PORTFOLIO\yeep\yeep-mobile\android\.gradle\5.5\fileContent)" [_thread_blocked, id=4644, stack(0x000000002e7c0000,0x000000002e8c0000)]
  0x000000001b6e1000 JavaThread "Cache worker for Build Output Cleanup Cache (C:\Users\teste\Downloads\ESTUDO\PORTFOLIO\yeep\yeep-mobile\android\.gradle\buildOutputCleanup)" [_thread_blocked, id=13392, stack(0x000000002e6c0000,0x000000002e7c0000)]
  0x000000001b6db800 JavaThread "Build operations Thread 4" [_thread_blocked, id=5116, stack(0x000000002e5c0000,0x000000002e6c0000)]
  0x000000001b6d8000 JavaThread "Build operations Thread 3" [_thread_blocked, id=14520, stack(0x000000002e4c0000,0x000000002e5c0000)]
  0x000000001b6db000 JavaThread "Build operations Thread 2" [_thread_blocked, id=15500, stack(0x000000002e3c0000,0x000000002e4c0000)]
  0x000000001b6d9800 JavaThread "Build operations" [_thread_blocked, id=15560, stack(0x000000002e2c0000,0x000000002e3c0000)]
  0x000000001b6de800 JavaThread "Cache worker for cache directory md-rule (C:\Users\teste\.gradle\caches\5.5\md-rule)" [_thread_blocked, id=16236, stack(0x000000002e1c0000,0x000000002e2c0000)]
  0x000000001b6d6800 JavaThread "Cache worker for cache directory md-supplier (C:\Users\teste\.gradle\caches\5.5\md-supplier)" [_thread_blocked, id=10660, stack(0x000000002e0c0000,0x000000002e1c0000)]
  0x000000001b6da000 JavaThread "Cache worker for file hash cache (C:\Users\teste\Downloads\ESTUDO\PORTFOLIO\yeep\yeep-mobile\android\.gradle\5.5\fileHashes)" [_thread_blocked, id=6764, stack(0x000000002dfc0000,0x000000002e0c0000)]
  0x000000001b6dd000 JavaThread "Thread-73" [_thread_blocked, id=3040, stack(0x000000002dec0000,0x000000002dfc0000)]
  0x000000001f6f0000 JavaThread "Stdin handler" [_thread_blocked, id=15564, stack(0x000000002ddc0000,0x000000002dec0000)]
  0x000000001f6ef800 JavaThread "Asynchronous log dispatcher for DefaultDaemonConnection: socket connection from /127.0.0.1:63409 to /127.0.0.1:49341" [_thread_blocked, id=14812, stack(0x000000002dcc0000,0x000000002ddc0000)]
  0x000000001f6f3000 JavaThread "Daemon worker Thread 3" [_thread_in_Java, id=2692, stack(0x000000002dbc0000,0x000000002dcc0000)]
  0x000000001f6ee000 JavaThread "Cancel handler" [_thread_blocked, id=16376, stack(0x000000002dac0000,0x000000002dbc0000)]
  0x000000001f6ee800 JavaThread "Handler for socket connection from /127.0.0.1:63409 to /127.0.0.1:49341" [_thread_in_native, id=10268, stack(0x000000002d9c0000,0x000000002dac0000)]
  0x000000001f6e5000 JavaThread "Daemon Thread 3" [_thread_blocked, id=2024, stack(0x000000002d8c0000,0x000000002d9c0000)]
  0x000000001f6f1800 JavaThread "Device List Monitor" [_thread_in_native, id=15252, stack(0x000000002d0c0000,0x000000002d1c0000)]
  0x000000001f6f1000 JavaThread "Monitor" [_thread_in_native, id=6468, stack(0x000000002ccc0000,0x000000002cdc0000)]
  0x0000000018b72000 JavaThread "Cache worker for Java compile cache (C:\Users\teste\.gradle\caches\5.5\javaCompile)" [_thread_blocked, id=7188, stack(0x00000000250e0000,0x00000000251e0000)]
  0x000000001b6de000 JavaThread "Cache worker for file content cache (C:\Users\teste\.gradle\caches\5.5\fileContent)" [_thread_blocked, id=7880, stack(0x0000000024ae0000,0x0000000024be0000)]
  0x000000001b6d7000 JavaThread "Memory manager" [_thread_blocked, id=2376, stack(0x0000000020bb0000,0x0000000020cb0000)]
  0x0000000016df1800 JavaThread "Cache worker for execution history cache (C:\Users\teste\.gradle\caches\5.5\executionHistory)" [_thread_blocked, id=12424, stack(0x000000001da40000,0x000000001db40000)]
  0x0000000016df6000 JavaThread "Cache worker for journal cache (C:\Users\teste\.gradle\caches\journal-1)" [_thread_blocked, id=1540, stack(0x00000000185f0000,0x00000000186f0000)]
  0x0000000016df4800 JavaThread "File lock request listener" [_thread_in_native, id=12964, stack(0x00000000184f0000,0x00000000185f0000)]
  0x0000000016df3000 JavaThread "Cache worker for file hash cache (C:\Users\teste\.gradle\caches\5.5\fileHashes)" [_thread_blocked, id=14356, stack(0x00000000183f0000,0x00000000184f0000)]
  0x0000000016b7d000 JavaThread "Daemon periodic checks" [_thread_blocked, id=12300, stack(0x00000000179f0000,0x0000000017af0000)]
  0x0000000016ab2000 JavaThread "Incoming local TCP Connector on port 63409" [_thread_in_native, id=10312, stack(0x0000000017790000,0x0000000017890000)]
  0x0000000016a91800 JavaThread "Daemon health stats" [_thread_blocked, id=14936, stack(0x0000000017150000,0x0000000017250000)]
  0x0000000013a4e000 JavaThread "Service Thread" daemon [_thread_blocked, id=6760, stack(0x0000000015780000,0x0000000015880000)]
  0x0000000013a08800 JavaThread "C1 CompilerThread2" daemon [_thread_blocked, id=6240, stack(0x0000000015280000,0x0000000015380000)]
  0x00000000139f8000 JavaThread "C2 CompilerThread1" daemon [_thread_in_native, id=15608, stack(0x0000000015180000,0x0000000015280000)]
=>0x00000000139f5000 JavaThread "C2 CompilerThread0" daemon [_thread_in_native, id=13508, stack(0x0000000015080000,0x0000000015180000)]
  0x00000000139f3000 JavaThread "Attach Listener" daemon [_thread_blocked, id=15916, stack(0x0000000014f80000,0x0000000015080000)]
  0x00000000139f1000 JavaThread "Signal Dispatcher" daemon [_thread_blocked, id=5460, stack(0x0000000014e80000,0x0000000014f80000)]
  0x000000000257c800 JavaThread "Finalizer" daemon [_thread_blocked, id=5160, stack(0x0000000014c70000,0x0000000014d70000)]
  0x0000000002573800 JavaThread "Reference Handler" daemon [_thread_blocked, id=13672, stack(0x0000000014b70000,0x0000000014c70000)]
  0x0000000002482800 JavaThread "main" [_thread_blocked, id=12200, stack(0x00000000022a0000,0x00000000023a0000)]

Other Threads:
  0x00000000139b7000 VMThread [stack: 0x0000000014a70000,0x0000000014b70000] [id=12904]
  0x00000000153d3800 WatcherThread [stack: 0x0000000015880000,0x0000000015980000] [id=14164]

VM state:not at safepoint (normal execution)

VM Mutex/Monitor currently owned by a thread: None

heap address: 0x00000000e0000000, size: 512 MB, Compressed Oops mode: 32-bit
Narrow klass base: 0x0000000000000000, Narrow klass shift: 3
Compressed class space size: 1073741824 Address: 0x0000000100000000

Heap:
 PSYoungGen      total 116736K, used 14326K [0x00000000f5580000, 0x0000000100000000, 0x0000000100000000)
  eden space 58880K, 6% used [0x00000000f5580000,0x00000000f5929950,0x00000000f8f00000)
  from space 57856K, 18% used [0x00000000fc780000,0x00000000fd1d4020,0x0000000100000000)
  to   space 57856K, 0% used [0x00000000f8f00000,0x00000000f8f00000,0x00000000fc780000)
 ParOldGen       total 349696K, used 211123K [0x00000000e0000000, 0x00000000f5580000, 0x00000000f5580000)
  object space 349696K, 60% used [0x00000000e0000000,0x00000000ece2ce38,0x00000000f5580000)
 Metaspace       used 101564K, capacity 108020K, committed 108544K, reserved 1142784K
  class space    used 12952K, capacity 14392K, committed 14592K, reserved 1048576K

Card table byte_map: [0x0000000011a40000,0x0000000011b50000] byte_map_base: 0x0000000011340000

Marking Bits: (ParMarkBitMap*) 0x00000000676a5ce0
 Begin Bits: [0x0000000011f50000, 0x0000000012750000)
 End Bits:   [0x0000000012750000, 0x0000000012f50000)

Polling page: 0x00000000006a0000

CodeCache: size=245760Kb used=74925Kb max_used=74925Kb free=170834Kb
 bounds [0x0000000002680000, 0x0000000007010000, 0x0000000011680000]
 total_blobs=22760 nmethods=21861 adapters=809
 compilation: enabled

Compilation events (10 events):
Event: 1261.572 Thread 0x0000000013a08800 28232       3       org.gradle.api.internal.artifacts.DefaultResolverResults::hasError (39 bytes)
Event: 1261.573 Thread 0x0000000013a08800 nmethod 28232 0x0000000006fe8d10 code [0x0000000006fe8e80, 0x0000000006fe91a8]
Event: 1261.587 Thread 0x0000000013a08800 28235       3       org.gradle.api.internal.artifacts.repositories.DefaultMavenArtifactRepository_Decorated::getConfiguredCredentials (37 bytes)
Event: 1261.588 Thread 0x0000000013a08800 nmethod 28235 0x0000000006fe7f50 code [0x0000000006fe8140, 0x0000000006fe8968]
Event: 1261.588 Thread 0x0000000013a08800 28236       3       org.gradle.api.internal.artifacts.repositories.DefaultMavenArtifactRepository_Decorated::getAuthenticationSchemes (37 bytes)
Event: 1261.589 Thread 0x0000000013a08800 nmethod 28236 0x0000000006fec350 code [0x0000000006fec580, 0x0000000006fed0a8]
Event: 1261.591 Thread 0x0000000013a08800 28237       3       org.gradle.api.internal.artifacts.ivyservice.modulecache.dynamicversions.AbstractModuleVersionsCache::createKey (15 bytes)
Event: 1261.592 Thread 0x0000000013a08800 nmethod 28237 0x0000000006fe7910 code [0x0000000006fe7a80, 0x0000000006fe7de8]
Event: 1261.592 Thread 0x0000000013a08800 28238       3       org.gradle.api.internal.artifacts.ivyservice.modulecache.dynamicversions.ModuleAtRepositoryKey::<init> (15 bytes)
Event: 1261.592 Thread 0x0000000013a08800 nmethod 28238 0x0000000006fe7550 code [0x0000000006fe76a0, 0x0000000006fe7870]

GC Heap History (10 events):
Event: 375.666 GC heap before
{Heap before GC invocations=104 (full 20):
 PSYoungGen      total 106496K, used 106446K [0x00000000f5580000, 0x0000000100000000, 0x0000000100000000)
  eden space 61952K, 100% used [0x00000000f5580000,0x00000000f9200000,0x00000000f9200000)
  from space 44544K, 99% used [0x00000000f9200000,0x00000000fbd73bd0,0x00000000fbd80000)
  to   space 57856K, 0% used [0x00000000fc780000,0x00000000fc780000,0x0000000100000000)
 ParOldGen       total 349696K, used 284734K [0x00000000e0000000, 0x00000000f5580000, 0x00000000f5580000)
  object space 349696K, 81% used [0x00000000e0000000,0x00000000f160f968,0x00000000f5580000)
 Metaspace       used 100355K, capacity 106800K, committed 107136K, reserved 1142784K
  class space    used 12858K, capacity 14342K, committed 14464K, reserved 1048576K
Event: 375.678 GC heap after
Heap after GC invocations=104 (full 20):
 PSYoungGen      total 116736K, used 36585K [0x00000000f5580000, 0x0000000100000000, 0x0000000100000000)
  eden space 58880K, 0% used [0x00000000f5580000,0x00000000f5580000,0x00000000f8f00000)
  from space 57856K, 63% used [0x00000000fc780000,0x00000000feb3a7e0,0x0000000100000000)
  to   space 57856K, 0% used [0x00000000f8f00000,0x00000000f8f00000,0x00000000fc780000)
 ParOldGen       total 349696K, used 291962K [0x00000000e0000000, 0x00000000f5580000, 0x00000000f5580000)
  object space 349696K, 83% used [0x00000000e0000000,0x00000000f1d1e878,0x00000000f5580000)
 Metaspace       used 100355K, capacity 106800K, committed 107136K, reserved 1142784K
  class space    used 12858K, capacity 14342K, committed 14464K, reserved 1048576K
}
Event: 376.773 GC heap before
{Heap before GC invocations=105 (full 20):
 PSYoungGen      total 116736K, used 95465K [0x00000000f5580000, 0x0000000100000000, 0x0000000100000000)
  eden space 58880K, 100% used [0x00000000f5580000,0x00000000f8f00000,0x00000000f8f00000)
  from space 57856K, 63% used [0x00000000fc780000,0x00000000feb3a7e0,0x0000000100000000)
  to   space 57856K, 0% used [0x00000000f8f00000,0x00000000f8f00000,0x00000000fc780000)
 ParOldGen       total 349696K, used 292107K [0x00000000e0000000, 0x00000000f5580000, 0x00000000f5580000)
  object space 349696K, 83% used [0x00000000e0000000,0x00000000f1d42f88,0x00000000f5580000)
 Metaspace       used 100357K, capacity 106800K, committed 107136K, reserved 1142784K
  class space    used 12858K, capacity 14342K, committed 14464K, reserved 1048576K
Event: 376.792 GC heap after
Heap after GC invocations=105 (full 20):
 PSYoungGen      total 116736K, used 37504K [0x00000000f5580000, 0x0000000100000000, 0x0000000100000000)
  eden space 58880K, 0% used [0x00000000f5580000,0x00000000f5580000,0x00000000f8f00000)
  from space 57856K, 64% used [0x00000000f8f00000,0x00000000fb3a01e0,0x00000000fc780000)
  to   space 57856K, 0% used [0x00000000fc780000,0x00000000fc780000,0x0000000100000000)
 ParOldGen       total 349696K, used 324733K [0x00000000e0000000, 0x00000000f5580000, 0x00000000f5580000)
  object space 349696K, 92% used [0x00000000e0000000,0x00000000f3d1f438,0x00000000f5580000)
 Metaspace       used 100357K, capacity 106800K, committed 107136K, reserved 1142784K
  class space    used 12858K, capacity 14342K, committed 14464K, reserved 1048576K
}
Event: 376.792 GC heap before
{Heap before GC invocations=106 (full 21):
 PSYoungGen      total 116736K, used 37504K [0x00000000f5580000, 0x0000000100000000, 0x0000000100000000)
  eden space 58880K, 0% used [0x00000000f5580000,0x00000000f5580000,0x00000000f8f00000)
  from space 57856K, 64% used [0x00000000f8f00000,0x00000000fb3a01e0,0x00000000fc780000)
  to   space 57856K, 0% used [0x00000000fc780000,0x00000000fc780000,0x0000000100000000)
 ParOldGen       total 349696K, used 324733K [0x00000000e0000000, 0x00000000f5580000, 0x00000000f5580000)
  object space 349696K, 92% used [0x00000000e0000000,0x00000000f3d1f438,0x00000000f5580000)
 Metaspace       used 100357K, capacity 106800K, committed 107136K, reserved 1142784K
  class space    used 12858K, capacity 14342K, committed 14464K, reserved 1048576K
Event: 377.067 GC heap after
Heap after GC invocations=106 (full 21):
 PSYoungGen      total 116736K, used 0K [0x00000000f5580000, 0x0000000100000000, 0x0000000100000000)
  eden space 58880K, 0% used [0x00000000f5580000,0x00000000f5580000,0x00000000f8f00000)
  from space 57856K, 0% used [0x00000000f8f00000,0x00000000f8f00000,0x00000000fc780000)
  to   space 57856K, 0% used [0x00000000fc780000,0x00000000fc780000,0x0000000100000000)
 ParOldGen       total 349696K, used 194111K [0x00000000e0000000, 0x00000000f5580000, 0x00000000f5580000)
  object space 349696K, 55% used [0x00000000e0000000,0x00000000ebd8fcb0,0x00000000f5580000)
 Metaspace       used 100147K, capacity 106448K, committed 107136K, reserved 1142784K
  class space    used 12819K, capacity 14270K, committed 14464K, reserved 1048576K
}
Event: 1248.117 GC heap before
{Heap before GC invocations=107 (full 21):
 PSYoungGen      total 116736K, used 58880K [0x00000000f5580000, 0x0000000100000000, 0x0000000100000000)
  eden space 58880K, 100% used [0x00000000f5580000,0x00000000f8f00000,0x00000000f8f00000)
  from space 57856K, 0% used [0x00000000f8f00000,0x00000000f8f00000,0x00000000fc780000)
  to   space 57856K, 0% used [0x00000000fc780000,0x00000000fc780000,0x0000000100000000)
 ParOldGen       total 349696K, used 194127K [0x00000000e0000000, 0x00000000f5580000, 0x00000000f5580000)
  object space 349696K, 55% used [0x00000000e0000000,0x00000000ebd93d38,0x00000000f5580000)
 Metaspace       used 101141K, capacity 107506K, committed 108288K, reserved 1142784K
  class space    used 12930K, capacity 14353K, committed 14592K, reserved 1048576K
Event: 1248.129 GC heap after
Heap after GC invocations=107 (full 21):
 PSYoungGen      total 116736K, used 5645K [0x00000000f5580000, 0x0000000100000000, 0x0000000100000000)
  eden space 58880K, 0% used [0x00000000f5580000,0x00000000f5580000,0x00000000f8f00000)
  from space 57856K, 9% used [0x00000000fc780000,0x00000000fcd03758,0x0000000100000000)
  to   space 57856K, 0% used [0x00000000f8f00000,0x00000000f8f00000,0x00000000fc780000)
 ParOldGen       total 349696K, used 194135K [0x00000000e0000000, 0x00000000f5580000, 0x00000000f5580000)
  object space 349696K, 55% used [0x00000000e0000000,0x00000000ebd95d38,0x00000000f5580000)
 Metaspace       used 101141K, capacity 107506K, committed 108288K, reserved 1142784K
  class space    used 12930K, capacity 14353K, committed 14592K, reserved 1048576K
}
Event: 1258.657 GC heap before
{Heap before GC invocations=108 (full 21):
 PSYoungGen      total 116736K, used 64525K [0x00000000f5580000, 0x0000000100000000, 0x0000000100000000)
  eden space 58880K, 100% used [0x00000000f5580000,0x00000000f8f00000,0x00000000f8f00000)
  from space 57856K, 9% used [0x00000000fc780000,0x00000000fcd03758,0x0000000100000000)
  to   space 57856K, 0% used [0x00000000f8f00000,0x00000000f8f00000,0x00000000fc780000)
 ParOldGen       total 349696K, used 194135K [0x00000000e0000000, 0x00000000f5580000, 0x00000000f5580000)
  object space 349696K, 55% used [0x00000000e0000000,0x00000000ebd95d38,0x00000000f5580000)
 Metaspace       used 101400K, capacity 107876K, committed 108288K, reserved 1142784K
  class space    used 12946K, capacity 14380K, committed 14592K, reserved 1048576K
Event: 1258.675 GC heap after
Heap after GC invocations=108 (full 21):
 PSYoungGen      total 116736K, used 13051K [0x00000000f5580000, 0x0000000100000000, 0x0000000100000000)
  eden space 58880K, 0% used [0x00000000f5580000,0x00000000f5580000,0x00000000f8f00000)
  from space 57856K, 22% used [0x00000000f8f00000,0x00000000f9bbefc8,0x00000000fc780000)
  to   space 57856K, 0% used [0x00000000fc780000,0x00000000fc780000,0x0000000100000000)
 ParOldGen       total 349696K, used 198275K [0x00000000e0000000, 0x00000000f5580000, 0x00000000f5580000)
  object space 349696K, 56% used [0x00000000e0000000,0x00000000ec1a0d88,0x00000000f5580000)
 Metaspace       used 101400K, capacity 107876K, committed 108288K, reserved 1142784K
  class space    used 12946K, capacity 14380K, committed 14592K, reserved 1048576K
}

Deoptimization events (10 events):
Event: 1257.943 Thread 0x000000001b6db800 Uncommon trap: reason=bimorphic action=maybe_recompile pc=0x00000000059e175c method=com.google.common.cache.LocalCache$Segment.copyEntry(Lcom/google/common/cache/ReferenceEntry;Lcom/google/common/cache/ReferenceEntry;)Lcom/google/common/cache/ReferenceEnt
Event: 1258.210 Thread 0x000000001f6f3000 Uncommon trap: reason=bimorphic action=maybe_recompile pc=0x000000000466a490 method=org.gradle.api.internal.attributes.DefaultImmutableAttributes.get()Ljava/lang/Object; @ 4
Event: 1258.579 Thread 0x000000001f6f3000 Uncommon trap: reason=bimorphic action=maybe_recompile pc=0x00000000059e175c method=com.google.common.cache.LocalCache$Segment.copyEntry(Lcom/google/common/cache/ReferenceEntry;Lcom/google/common/cache/ReferenceEntry;)Lcom/google/common/cache/ReferenceEnt
Event: 1258.844 Thread 0x000000001f6f3000 Uncommon trap: reason=class_check action=maybe_recompile pc=0x0000000006e5ff0c method=com.android.build.gradle.internal.dependency.AndroidXDepedencySubstitution.maybeSubstituteDependency(Lorg/gradle/api/artifacts/DependencySubstitution;Lorg/gradle/api/art
Event: 1258.847 Thread 0x000000001f6f3000 Uncommon trap: reason=class_check action=maybe_recompile pc=0x0000000006e5ff0c method=com.android.build.gradle.internal.dependency.AndroidXDepedencySubstitution.maybeSubstituteDependency(Lorg/gradle/api/artifacts/DependencySubstitution;Lorg/gradle/api/art
Event: 1258.849 Thread 0x000000001f6f3000 Uncommon trap: reason=class_check action=maybe_recompile pc=0x0000000006e5ff0c method=com.android.build.gradle.internal.dependency.AndroidXDepedencySubstitution.maybeSubstituteDependency(Lorg/gradle/api/artifacts/DependencySubstitution;Lorg/gradle/api/art
Event: 1258.851 Thread 0x000000001f6f3000 Uncommon trap: reason=class_check action=maybe_recompile pc=0x0000000006e5ff0c method=com.android.build.gradle.internal.dependency.AndroidXDepedencySubstitution.maybeSubstituteDependency(Lorg/gradle/api/artifacts/DependencySubstitution;Lorg/gradle/api/art
Event: 1258.874 Thread 0x000000001f6f3000 Uncommon trap: reason=unstable_if action=reinterpret pc=0x0000000005df3adc method=com.sun.org.apache.xerces.internal.parsers.AbstractSAXParser.startElement(Lcom/sun/org/apache/xerces/internal/xni/QName;Lcom/sun/org/apache/xerces/internal/xni/XMLAttributes
Event: 1258.874 Thread 0x000000001f6f3000 Uncommon trap: reason=unstable_if action=reinterpret pc=0x0000000005e4d468 method=com.sun.org.apache.xerces.internal.parsers.AbstractSAXParser.startElement(Lcom/sun/org/apache/xerces/internal/xni/QName;Lcom/sun/org/apache/xerces/internal/xni/XMLAttributes
Event: 1260.434 Thread 0x000000001f6f3000 Uncommon trap: reason=unstable_if action=reinterpret pc=0x0000000003f69b40 method=com.esotericsoftware.kryo.io.Input.readAscii()Ljava/lang/String; @ 23

Classes redefined (0 events):
No events

Internal exceptions (10 events):
Event: 1258.079 Thread 0x000000001f6f3000 Implicit null exception at 0x0000000003efecf2 to 0x0000000003eff373
Event: 1258.079 Thread 0x000000001f6f3000 Exception <a 'java/lang/NullPointerException'> (0x00000000f7db1218) thrown at [C:\re\workspace\8-2-build-windows-amd64-cygwin\jdk8u211\12973\hotspot\src\share\vm\runtime\sharedRuntime.cpp, line 605]
Event: 1258.102 Thread 0x000000001f6f3000 Exception <a 'sun/nio/fs/WindowsException'> (0x00000000f7dd2638) thrown at [C:\re\workspace\8-2-build-windows-amd64-cygwin\jdk8u211\12973\hotspot\src\share\vm\prims\jni.cpp, line 710]
Event: 1258.342 Thread 0x000000001f6f3000 Exception <a 'sun/nio/fs/WindowsException'> (0x00000000f83fac60) thrown at [C:\re\workspace\8-2-build-windows-amd64-cygwin\jdk8u211\12973\hotspot\src\share\vm\prims\jni.cpp, line 710]
Event: 1258.375 Thread 0x000000001f6f3000 Implicit null exception at 0x0000000003efecf2 to 0x0000000003eff373
Event: 1258.375 Thread 0x000000001f6f3000 Exception <a 'java/lang/NullPointerException'> (0x00000000f870e608) thrown at [C:\re\workspace\8-2-build-windows-amd64-cygwin\jdk8u211\12973\hotspot\src\share\vm\runtime\sharedRuntime.cpp, line 605]
Event: 1258.589 Thread 0x000000001f6f3000 Exception <a 'sun/nio/fs/WindowsException'> (0x00000000f8b30608) thrown at [C:\re\workspace\8-2-build-windows-amd64-cygwin\jdk8u211\12973\hotspot\src\share\vm\prims\jni.cpp, line 710]
Event: 1258.648 Thread 0x000000001f6f3000 Exception <a 'sun/nio/fs/WindowsException'> (0x00000000f8dcae68) thrown at [C:\re\workspace\8-2-build-windows-amd64-cygwin\jdk8u211\12973\hotspot\src\share\vm\prims\jni.cpp, line 710]
Event: 1258.720 Thread 0x000000001f6f3000 Exception <a 'sun/nio/fs/WindowsException'> (0x00000000f5725ed0) thrown at [C:\re\workspace\8-2-build-windows-amd64-cygwin\jdk8u211\12973\hotspot\src\share\vm\prims\jni.cpp, line 710]
Event: 1258.794 Thread 0x000000001f6f3000 Exception <a 'sun/nio/fs/WindowsException'> (0x00000000f5b7cde0) thrown at [C:\re\workspace\8-2-build-windows-amd64-cygwin\jdk8u211\12973\hotspot\src\share\vm\prims\jni.cpp, line 710]

Events (10 events):
Event: 1259.879 Thread 0x000000001f6f3000 DEOPT PACKING pc=0x00000000045a99d0 sp=0x000000002dcba880
Event: 1259.879 Thread 0x000000001f6f3000 DEOPT UNPACKING pc=0x00000000026c7890 sp=0x000000002dcba788 mode 0
Event: 1260.017 Thread 0x000000001f6f3000 DEOPT PACKING pc=0x00000000045a99d0 sp=0x000000002dcba790
Event: 1260.017 Thread 0x000000001f6f3000 DEOPT UNPACKING pc=0x00000000026c7890 sp=0x000000002dcba698 mode 0
Event: 1260.417 Executing VM operation: RevokeBias
Event: 1260.417 Executing VM operation: RevokeBias done
Event: 1260.434 Thread 0x000000001f6f3000 Uncommon trap: trap_request=0xffffff65 fr.pc=0x0000000003f69b40
Event: 1260.434 Thread 0x000000001f6f3000 DEOPT PACKING pc=0x0000000003f69b40 sp=0x000000002dcbad80
Event: 1260.434 Thread 0x000000001f6f3000 DEOPT UNPACKING pc=0x00000000026c583b sp=0x000000002dcbac90 mode 2
Event: 1261.183 Thread 0x000000001b6df800 Thread added: 0x000000001b6df800


Dynamic libraries:
0x00007ff797180000 - 0x00007ff7971b7000 	C:\Program Files\Java\jdk1.8.0_211\bin\java.exe
0x00007ff937ee0000 - 0x00007ff9380cd000 	C:\WINDOWS\SYSTEM32\ntdll.dll
0x00007ff935230000 - 0x00007ff9352e3000 	C:\WINDOWS\System32\KERNEL32.DLL
0x00007ff934de0000 - 0x00007ff935075000 	C:\WINDOWS\System32\KERNELBASE.dll
0x00007ff9379c0000 - 0x00007ff937a63000 	C:\WINDOWS\System32\ADVAPI32.dll
0x00007ff935b10000 - 0x00007ff935bae000 	C:\WINDOWS\System32\msvcrt.dll
0x00007ff9353a0000 - 0x00007ff93543e000 	C:\WINDOWS\System32\sechost.dll
0x00007ff935100000 - 0x00007ff935222000 	C:\WINDOWS\System32\RPCRT4.dll
0x00007ff937760000 - 0x00007ff9378f7000 	C:\WINDOWS\System32\USER32.dll
0x00007ff934dc0000 - 0x00007ff934de0000 	C:\WINDOWS\System32\win32u.dll
0x00007ff935ae0000 - 0x00007ff935b09000 	C:\WINDOWS\System32\GDI32.dll
0x00007ff934190000 - 0x00007ff934329000 	C:\WINDOWS\System32\gdi32full.dll
0x00007ff9340f0000 - 0x00007ff934190000 	C:\WINDOWS\System32\msvcp_win.dll
0x00007ff934570000 - 0x00007ff93466a000 	C:\WINDOWS\System32\ucrtbase.dll
0x00007ff92a6a0000 - 0x00007ff92a919000 	C:\WINDOWS\WinSxS\amd64_microsoft.windows.common-controls_6595b64144ccf1df_6.0.17763.1158_none_de722d88534a897f\COMCTL32.dll
0x00007ff937430000 - 0x00007ff93775c000 	C:\WINDOWS\System32\combase.dll
0x00007ff935080000 - 0x00007ff9350fe000 	C:\WINDOWS\System32\bcryptPrimitives.dll
0x00007ff935440000 - 0x00007ff93546e000 	C:\WINDOWS\System32\IMM32.DLL
0x0000000067730000 - 0x0000000067802000 	C:\Program Files\Java\jdk1.8.0_211\jre\bin\msvcr100.dll
0x0000000066e80000 - 0x0000000067725000 	C:\Program Files\Java\jdk1.8.0_211\jre\bin\server\jvm.dll
0x00007ff935ac0000 - 0x00007ff935ac8000 	C:\WINDOWS\System32\PSAPI.DLL
0x00007ff92eb70000 - 0x00007ff92eb7a000 	C:\WINDOWS\SYSTEM32\VERSION.dll
0x00007ff931920000 - 0x00007ff931944000 	C:\WINDOWS\SYSTEM32\WINMM.dll
0x00007ff9318f0000 - 0x00007ff93191d000 	C:\WINDOWS\SYSTEM32\WINMMBASE.dll
0x00007ff91d0d0000 - 0x00007ff91d0d9000 	C:\WINDOWS\SYSTEM32\WSOCK32.dll
0x00007ff937290000 - 0x00007ff9372fd000 	C:\WINDOWS\System32\WS2_32.dll
0x00007ff933fa0000 - 0x00007ff933fea000 	C:\WINDOWS\System32\cfgmgr32.dll
0x00007ff931e60000 - 0x00007ff931e6f000 	C:\Program Files\Java\jdk1.8.0_211\jre\bin\verify.dll
0x00007ff925eb0000 - 0x00007ff925ed9000 	C:\Program Files\Java\jdk1.8.0_211\jre\bin\java.dll
0x00007ff925e50000 - 0x00007ff925e66000 	C:\Program Files\Java\jdk1.8.0_211\jre\bin\zip.dll
0x00007ff935d10000 - 0x00007ff937204000 	C:\WINDOWS\System32\SHELL32.dll
0x00007ff9352f0000 - 0x00007ff935398000 	C:\WINDOWS\System32\shcore.dll
0x00007ff934670000 - 0x00007ff934dbd000 	C:\WINDOWS\System32\windows.storage.dll
0x00007ff933ef0000 - 0x00007ff933f14000 	C:\WINDOWS\System32\profapi.dll
0x00007ff933f40000 - 0x00007ff933f9d000 	C:\WINDOWS\System32\powrprof.dll
0x00007ff935bb0000 - 0x00007ff935c02000 	C:\WINDOWS\System32\shlwapi.dll
0x00007ff933ed0000 - 0x00007ff933ee1000 	C:\WINDOWS\System32\kernel.appcore.dll
0x00007ff933ff0000 - 0x00007ff934007000 	C:\WINDOWS\System32\cryptsp.dll
0x00007ff925c00000 - 0x00007ff925c1a000 	C:\Program Files\Java\jdk1.8.0_211\jre\bin\net.dll
0x00007ff92da40000 - 0x00007ff92dc17000 	C:\WINDOWS\SYSTEM32\urlmon.dll
0x00007ff92af40000 - 0x00007ff92b1e8000 	C:\WINDOWS\SYSTEM32\iertutil.dll
0x00007ff9338b0000 - 0x00007ff9338bc000 	C:\WINDOWS\SYSTEM32\CRYPTBASE.DLL
0x00007ff9336e0000 - 0x00007ff933747000 	C:\WINDOWS\system32\mswsock.dll
0x00007ff923aa0000 - 0x00007ff923ab2000 	C:\Program Files\Java\jdk1.8.0_211\jre\bin\nio.dll
0x00007ff919e10000 - 0x00007ff919e36000 	C:\Users\teste\.gradle\native\29\windows-amd64\native-platform.dll
0x00007ff925ea0000 - 0x00007ff925ead000 	C:\Program Files\Java\jdk1.8.0_211\jre\bin\management.dll
0x00007ff933260000 - 0x00007ff933293000 	C:\WINDOWS\system32\rsaenh.dll
0x00007ff934010000 - 0x00007ff934036000 	C:\WINDOWS\System32\bcrypt.dll
0x00007ff933e00000 - 0x00007ff933e28000 	C:\WINDOWS\SYSTEM32\USERENV.dll
0x00007ff933400000 - 0x00007ff93343d000 	C:\WINDOWS\SYSTEM32\IPHLPAPI.DLL
0x00007ff937900000 - 0x00007ff937908000 	C:\WINDOWS\System32\NSI.dll
0x00007ff92ad20000 - 0x00007ff92ad36000 	C:\WINDOWS\SYSTEM32\dhcpcsvc6.DLL
0x00007ff92b1f0000 - 0x00007ff92b20c000 	C:\WINDOWS\SYSTEM32\dhcpcsvc.DLL
0x00007ff933450000 - 0x00007ff933517000 	C:\WINDOWS\SYSTEM32\DNSAPI.dll
0x00007ff932f40000 - 0x00007ff932f71000 	C:\WINDOWS\SYSTEM32\ntmarta.dll

VM Arguments:
jvm_args: -XX:MaxMetaspaceSize=256m -XX:+HeapDumpOnOutOfMemoryError -Xms256m -Xmx512m -Dfile.encoding=windows-1252 -Duser.country=BR -Duser.language=pt -Duser.variant 
java_command: org.gradle.launcher.daemon.bootstrap.GradleDaemon 5.5
java_class_path (initial): C:\Users\teste\.gradle\wrapper\dists\gradle-5.5-all\byeise1led9a3w3p149d02kfj\gradle-5.5\lib\gradle-launcher-5.5.jar
Launcher Type: SUN_STANDARD

Environment Variables:
JAVA_HOME=C:\Program Files\Java\jdk1.8.0_211
CLASSPATH=C:\Users\teste\Downloads\ESTUDO\PORTFOLIO\yeep\yeep-mobile\android\\gradle\wrapper\gradle-wrapper.jar
USERNAME=teste
OS=Windows_NT
PROCESSOR_IDENTIFIER=Intel64 Family 6 Model 60 Stepping 3, GenuineIntel



---------------  S Y S T E M  ---------------

OS: Windows 10.0 , 64 bit Build 17763 (10.0.17763.1158)

CPU:total 4 (initial active 4) (2 cores per cpu, 2 threads per core) family 6 model 60 stepping 3, cmov, cx8, fxsr, mmx, sse, sse2, sse3, ssse3, sse4.1, sse4.2, popcnt, avx, avx2, aes, clmul, erms, lzcnt, ht, tsc, tscinvbit, bmi1, bmi2

Memory: 4k page, physical 8228580k(710184k free), swap 16420580k(248k free)

vm_info: Java HotSpot(TM) 64-Bit Server VM (25.211-b12) for windows-amd64 JRE (1.8.0_211-b12), built on Apr  1 2019 20:53:26 by "java_re" with MS VC++ 10.0 (VS2010)

time: Sat May 16 23:09:46 2020
timezone: Hora oficial do Brasil
elapsed time: 1262 seconds (0d 0h 21m 2s)

